#-----------------------------------------------------------
# PlanAhead v14.7 (64-bit)
# Build 321239 by xbuild on Fri Sep 27 19:29:51 MDT 2013
# Start of session at: Wed Feb 15 13:39:18 2023
# Process ID: 7572
# Log file: C:/BDIO/243511/ukol1/planAhead_run_2/planAhead.log
# Journal file: C:/BDIO/243511/ukol1/planAhead_run_2/planAhead.jou
#-----------------------------------------------------------
INFO: [Common 17-78] Attempting to get a license: PlanAhead
INFO: [Common 17-290] Got license for PlanAhead
INFO: [Common 17-86] Your PlanAhead license expires in -1234 day(s)
INFO: [Device 21-36] Loading parts and site information from C:/Xilinx/14.7/ISE_DS/PlanAhead/data/parts/arch.xml
Parsing RTL primitives file [C:/Xilinx/14.7/ISE_DS/PlanAhead/data/parts/xilinx/rtl/prims/rtl_prims.xml]
Finished parsing RTL primitives file [C:/Xilinx/14.7/ISE_DS/PlanAhead/data/parts/xilinx/rtl/prims/rtl_prims.xml]
start_gui
source C:/BDIO/243511/ukol1/pa.fromNetlist.tcl
# create_project -name ukol1 -dir "C:/BDIO/243511/ukol1/planAhead_run_2" -part xc3s200ft256-5
# set_property design_mode GateLvl [get_property srcset [current_run -impl]]
# set_property edif_top_file "C:/BDIO/243511/ukol1/gates.ngc" [ get_property srcset [ current_run ] ]
# add_files -norecurse { {C:/BDIO/243511/ukol1} }
# set_param project.pinAheadLayout  yes
# set_property target_constrs_file "gates.ucf" [current_fileset -constrset]
Adding file 'C:/BDIO/243511/ukol1/gates.ucf' to fileset 'constrs_1'
# add_files [list {gates.ucf}] -fileset [get_property constrset [current_run]]
# link_design
Design is defaulting to srcset: sources_1
Design is defaulting to constrset: constrs_1
Design is defaulting to project part: xc3s200ft256-5
Release 14.7 - ngc2edif P.20131013 (nt64)
Copyright (c) 1995-2013 Xilinx, Inc.  All rights reserved.
Reading design gates.ngc ...
WARNING:NetListWriters:298 - No output is written to gates.xncf, ignored.
Processing design ...
   Preping design's networks ...
   Preping design's macros ...
  finished :Prep
Writing EDIF netlist file gates.edif ...
ngc2edif: Total memory usage is 4309840 kilobytes

Parsing EDIF File [./planAhead_run_2/ukol1.data/cache/gates_ngc_zx.edif]
Finished Parsing EDIF File [./planAhead_run_2/ukol1.data/cache/gates_ngc_zx.edif]
ERROR: [Designutils 20-1353] No cell is specified in file './gates.ngc'. The design is empty.  This error may be caused by insufficient disk space.

    while executing
"link_design"
    (file "C:/BDIO/243511/ukol1/pa.fromNetlist.tcl" line 11)
exit
ERROR: [PlanAhead 12-106] *** Exception: ui.h.b: Found deleted key in HTclEventBroker. Verify if the classes listed here call cleanup()
HTclEvent: SIGNAL_BUS_MODIFY   Classes: ui.views.aR 
HTclEvent: DEBUG_PORT_CONFIG_CHANGE   Classes: ui.views.aR 
HTclEvent: SIGNAL_MODIFY   Classes: ui.views.aR 
HTclEvent: DEBUG_CORE_CONFIG_CHANGE   Classes: ui.views.aR 
 (See C:/BDIO/243511/ukol1\planAhead_pid7572.debug)
ERROR: [Common 17-39] 'stop_gui' failed due to earlier errors.
INFO: [Common 17-206] Exiting PlanAhead at Wed Feb 15 13:43:25 2023...
INFO: [Common 17-83] Releasing license: PlanAhead
