#-----------------------------------------------------------
# PlanAhead v14.7 (64-bit)
# Build 321239 by xbuild on Fri Sep 27 19:29:51 MDT 2013
# Start of session at: Wed Apr 12 14:48:58 2023
# Process ID: 2080
# Log file: C:/BDIO/243511/uloha8-nove/planAhead_run_2/planAhead.log
# Journal file: C:/BDIO/243511/uloha8-nove/planAhead_run_2/planAhead.jou
#-----------------------------------------------------------
INFO: [Common 17-78] Attempting to get a license: PlanAhead
INFO: [Common 17-290] Got license for PlanAhead
INFO: [Common 17-86] Your PlanAhead license expires in -1290 day(s)
INFO: [Device 21-36] Loading parts and site information from C:/Xilinx/14.7/ISE_DS/PlanAhead/data/parts/arch.xml
Parsing RTL primitives file [C:/Xilinx/14.7/ISE_DS/PlanAhead/data/parts/xilinx/rtl/prims/rtl_prims.xml]
Finished parsing RTL primitives file [C:/Xilinx/14.7/ISE_DS/PlanAhead/data/parts/xilinx/rtl/prims/rtl_prims.xml]
start_gui
source C:/BDIO/243511/uloha8-nove/pa.fromNetlist.tcl
# create_project -name uloha8-nove -dir "C:/BDIO/243511/uloha8-nove/planAhead_run_2" -part xc3s200ft256-5
# set_property design_mode GateLvl [get_property srcset [current_run -impl]]
# set_property edif_top_file "C:/BDIO/243511/uloha8-nove/uloha.ngc" [ get_property srcset [ current_run ] ]
# add_files -norecurse { {C:/BDIO/243511/uloha8-nove} }
# set_param project.pinAheadLayout  yes
# set_property target_constrs_file "uloha.ucf" [current_fileset -constrset]
Adding file 'C:/BDIO/243511/uloha8-nove/uloha.ucf' to fileset 'constrs_1'
# add_files [list {uloha.ucf}] -fileset [get_property constrset [current_run]]
# link_design
Design is defaulting to srcset: sources_1
Design is defaulting to constrset: constrs_1
Design is defaulting to project part: xc3s200ft256-5
Release 14.7 - ngc2edif P.20131013 (nt64)
Copyright (c) 1995-2013 Xilinx, Inc.  All rights reserved.
Reading design uloha.ngc ...
WARNING:NetListWriters:298 - No output is written to uloha.xncf, ignored.
Processing design ...
   Preping design's networks ...
   Preping design's macros ...
  finished :Prep
Writing EDIF netlist file uloha.edif ...
ngc2edif: Total memory usage is 4309824 kilobytes

Parsing EDIF File [./planAhead_run_2/uloha8-nove.data/cache/uloha_ngc_zx.edif]
Finished Parsing EDIF File [./planAhead_run_2/uloha8-nove.data/cache/uloha_ngc_zx.edif]
INFO: [Designutils 20-910] Reading macro library C:/Xilinx/14.7/ISE_DS/PlanAhead/data\./parts/xilinx/spartan3/hd_int_macros.edn
Parsing EDIF File [C:/Xilinx/14.7/ISE_DS/PlanAhead/data\./parts/xilinx/spartan3/hd_int_macros.edn]
Finished Parsing EDIF File [C:/Xilinx/14.7/ISE_DS/PlanAhead/data\./parts/xilinx/spartan3/hd_int_macros.edn]
Loading clock regions from C:/Xilinx/14.7/ISE_DS/PlanAhead/data\parts/xilinx/spartan3/spartan3/xc3s200/ClockRegion.xml
Loading clock buffers from C:/Xilinx/14.7/ISE_DS/PlanAhead/data\parts/xilinx/spartan3/spartan3/xc3s200/ClockBuffers.xml
Loading package from C:/Xilinx/14.7/ISE_DS/PlanAhead/data\parts/xilinx/spartan3/spartan3/xc3s200/ft256/Package.xml
Loading io standards from C:/Xilinx/14.7/ISE_DS/PlanAhead/data\./parts/xilinx/spartan3/IOStandards.xml
INFO: [Device 21-19] Loading pkg sso from C:/Xilinx/14.7/ISE_DS/PlanAhead/data\parts/xilinx/spartan3/spartan3/xc3s200/ft256/SSORules.xml
Loading list of drcs for the architecture : C:/Xilinx/14.7/ISE_DS/PlanAhead/data\./parts/xilinx/spartan3/drc.xml
INFO: [Timing 38-77] Reading timing library C:/Xilinx/14.7/ISE_DS/PlanAhead/data\parts/xilinx/spartan3/spartan3/spartan3-5.lib.
INFO: [Timing 38-34] Done reading timing library C:/Xilinx/14.7/ISE_DS/PlanAhead/data\parts/xilinx/spartan3/spartan3/spartan3-5.lib.
Parsing UCF File [C:/BDIO/243511/uloha8-nove/uloha.ucf]
Finished Parsing UCF File [C:/BDIO/243511/uloha8-nove/uloha.ucf]
INFO: [Project 1-111] Unisim Transformation Summary:
No Unisim elements were transformed.

Phase 0 | Netlist Checksum: 0e3d5300
link_design: Time (s): elapsed = 00:00:07 . Memory (MB): peak = 551.512 ; gain = 107.418
startgroup
set_property package_pin E13 [get_ports {ANODES[3]}]
endgroup
startgroup
set_property package_pin F14 [get_ports {ANODES[2]}]
endgroup
startgroup
set_property package_pin G14 [get_ports {ANODES[1]}]
endgroup
startgroup
set_property package_pin D14 [get_ports {ANODES[0]}]
endgroup
startgroup
set_property package_pin N16 [get_ports {leds[6]}]
endgroup
startgroup
set_property package_pin F13 [get_ports {leds[5]}]
endgroup
startgroup
set_property package_pin R16 [get_ports {leds[4]}]
endgroup
startgroup
set_property package_pin E15 [get_ports {leds[3]}]
endgroup
startgroup
set_property package_pin N15 [get_ports {leds[2]}]
endgroup
startgroup
set_property package_pin G13 [get_ports {leds[1]}]
endgroup
startgroup
set_property package_pin E14 [get_ports {leds[0]}]
endgroup
set_property package_pin "" [get_ports [list  clk]]
startgroup
set_property package_pin T9 [get_ports clk]
endgroup
save_constraints
exit
ERROR: [PlanAhead 12-106] *** Exception: ui.h.b: Found deleted key in HTclEventBroker. Verify if the classes listed here call cleanup()
HTclEvent: DEBUG_PORT_CONFIG_CHANGE   Classes: ui.views.aR 
HTclEvent: SIGNAL_BUS_MODIFY   Classes: ui.views.aR 
HTclEvent: SIGNAL_MODIFY   Classes: ui.views.aR 
HTclEvent: DEBUG_CORE_CONFIG_CHANGE   Classes: ui.views.aR 
 (See C:/BDIO/243511/uloha8-nove\planAhead_pid2080.debug)
ERROR: [Common 17-39] 'stop_gui' failed due to earlier errors.
INFO: [Common 17-206] Exiting PlanAhead at Wed Apr 12 14:51:18 2023...
INFO: [Common 17-83] Releasing license: PlanAhead
