ISim log file
Running: C:\BDIO\243511\uloha11\tb_top_isim_beh.exe -intstyle ise -gui -tclbatch isim.cmd -wdb C:/BDIO/243511/uloha11/tb_top_isim_beh.wdb 
ISim P.20131013 (signature 0x7708f090)
WARNING: A WEBPACK license was found.
WARNING: Please use Xilinx License Configuration Manager to check out a full ISim license.
WARNING: ISim will run in Lite mode. Please refer to the ISim documentation for more information on the differences between the Lite and the Full version.
This is a Lite version of ISim.
Time resolution is 1 ps
# onerror resume
# wave add /
# run 1000 ns
Simulator is doing circuit initialization process.
at 0 ps, Instance /tb_top/uut/citac_intenzity1/ : Warning: There is an 'U'|'X'|'W'|'Z'|'-' in an arithmetic operand, the result will be 'X'(es).
Finished circuit initialization process.
ISim P.20131013 (signature 0x7708f090)
WARNING: A WEBPACK license was found.
WARNING: Please use Xilinx License Configuration Manager to check out a full ISim license.
WARNING: ISim will run in Lite mode. Please refer to the ISim documentation for more information on the differences between the Lite and the Full version.
This is a Lite version of ISim.
# run 1000 ns
Simulator is doing circuit initialization process.
Finished circuit initialization process.
# run 50ms
Stopped at time : 24492485 ns : File "C:/BDIO/243511/uloha11/citac_intenzity.vhd" Line 65
# run all
Stopped at time : 52686830 ns : File "C:/BDIO/243511/uloha11/citac.vhd" Line 46
The simulator has terminated in an unexpected manner.  Please review the ISim log (isim.log) for details.
