Command line:
   tb_cnt_isim_beh.exe
     -simmode  gui
     -simrunnum  0
     -socket  41123

Tue Apr  4 10:45:09 2023


 Elaboration Time: 0.01 sec

 Current Memory Usage: 183.538 Meg

 Total Signals          : 14
 Total Nets             : 20
 Total Signal Drivers   : 5
 Total Blocks           : 5
 Total Primitive Blocks : 4
 Total Processes        : 5
 Total Traceable Variables  : 11
 Total Scalar Nets and Variables : 399
Total Line Count : 23

** Failure:sim done
User(VHDL) Code Called Simulation Stop
In process tb_cnt.vhd:stim_proc 
 


 Total Simulation Time: 0.03 sec

 Current Memory Usage: 259.039 Meg

Tue Apr  4 12:11:01 2023

