Command line:
   tb_uloha9_isim_beh.exe
     -simmode  gui
     -simrunnum  0
     -socket  50982

Wed Apr 19 14:57:21 2023


 Elaboration Time: 0.140625 sec

 Current Memory Usage: 5336.08 Meg

 Total Signals          : 31
 Total Nets             : 119
 Total Signal Drivers   : 16
 Total Blocks           : 8
 Total Primitive Blocks : 6
 Total Processes        : 11
 Total Traceable Variables  : 11
 Total Scalar Nets and Variables : 498
Total Line Count : 38

 Total Simulation Time: 71.4844 sec

 Current Memory Usage: 5336.08 Meg

Wed Apr 19 14:58:34 2023

