Command line:
   tb_ukol_isim_beh.exe
     -simmode  gui
     -simrunnum  0
     -socket  39935

Sat Apr 15 23:15:53 2023


 Elaboration Time: 0.01 sec

 Current Memory Usage: 183.546 Meg

 Total Signals          : 45
 Total Nets             : 146
 Total Signal Drivers   : 23
 Total Blocks           : 11
 Total Primitive Blocks : 9
 Total Processes        : 19
 Total Traceable Variables  : 11
 Total Scalar Nets and Variables : 525
Total Line Count : 46

 Total Simulation Time: 92.41 sec

 Current Memory Usage: 259.047 Meg

Sat Apr 15 23:58:36 2023

