Release 14.7 - ngc2edif P.20131013 (nt64)
Copyright (c) 1995-2013 Xilinx, Inc.  All rights reserved.
Reading design ukol4.ngc ...
WARNING:NetListWriters:298 - No output is written to ukol4.xncf, ignored.
Processing design ...
   Preping design's networks ...
   Preping design's macros ...
  finished :Prep
Writing EDIF netlist file ukol4.edif ...
ngc2edif: Total memory usage is 4309836 kilobytes

Release 14.7 - ngc2edif P.20131013 (nt64)
Copyright (c) 1995-2013 Xilinx, Inc.  All rights reserved.
Reading design decoder.ngc ...
WARNING:NetListWriters:298 - No output is written to decoder.xncf, ignored.
Processing design ...
   Preping design's networks ...
   Preping design's macros ...
  finished :Prep
Writing EDIF netlist file decoder.edif ...
ngc2edif: Total memory usage is 4309836 kilobytes

