ISim log file
Running: /home/vofy/Xilinx/simulace/tb_cnt_isim_beh.exe -intstyle ise -gui -tclbatch isim.cmd -wdb /home/vofy/Xilinx/simulace/tb_cnt_isim_beh.wdb 
ISim P.20131013 (signature 0xfbc00daa)
WARNING: A WEBPACK license was found.
WARNING: Please use Xilinx License Configuration Manager to check out a full ISim license.
WARNING: ISim will run in Lite mode. Please refer to the ISim documentation for more information on the differences between the Lite and the Full version.
This is a Lite version of ISim.
Time resolution is 1 ps
# onerror resume
# wave add /
# run 1000 ns
Simulator is doing circuit initialization process.
Finished circuit initialization process.
at 150 ns(1), Instance /tb_cnt/uut/ : Warning: There is an 'U'|'X'|'W'|'Z'|'-' in an arithmetic operand, the result will be 'X'(es).

** Failure:sim done
User(VHDL) Code Called Simulation Stop
In process tb_cnt.vhd:stim_proc 
 
INFO: Simulator is stopped.
# run 1.00us
INFO: Simulator is stopped.
# run 5us
INFO: Simulator is stopped.
# run 5us
INFO: Simulator is stopped.
# run 5us
INFO: Simulator is stopped.
# run all
INFO: Simulator is stopped.
ISim P.20131013 (signature 0xfbc00daa)
WARNING: A WEBPACK license was found.
WARNING: Please use Xilinx License Configuration Manager to check out a full ISim license.
WARNING: ISim will run in Lite mode. Please refer to the ISim documentation for more information on the differences between the Lite and the Full version.
This is a Lite version of ISim.
# run 1000 ns
Simulator is doing circuit initialization process.
Finished circuit initialization process.
at 150 ns(1), Instance /tb_cnt/uut/ : Warning: There is an 'U'|'X'|'W'|'Z'|'-' in an arithmetic operand, the result will be 'X'(es).

** Failure:sim done
User(VHDL) Code Called Simulation Stop
In process tb_cnt.vhd:stim_proc 
 
INFO: Simulator is stopped.
# exit 0
