Release 14.7 - ngc2edif P.20131013 (nt64)
Copyright (c) 1995-2013 Xilinx, Inc.  All rights reserved.
Reading design uloha3.ngc ...
WARNING:NetListWriters:298 - No output is written to uloha3.xncf, ignored.
Processing design ...
   Preping design's networks ...
   Preping design's macros ...
  finished :Prep
Writing EDIF netlist file uloha3.edif ...
ngc2edif: Total memory usage is 4309836 kilobytes

Release 14.7 - ngc2edif P.20131013 (nt64)
Copyright (c) 1995-2013 Xilinx, Inc.  All rights reserved.
Reading design uloha3.ngc ...
WARNING:NetListWriters:298 - No output is written to uloha3.xncf, ignored.
Processing design ...
   Preping design's networks ...
   Preping design's macros ...
  finished :Prep
Writing EDIF netlist file uloha3.edif ...
ngc2edif: Total memory usage is 4309836 kilobytes

Release 14.7 - ngc2edif P.20131013 (nt64)
Copyright (c) 1995-2013 Xilinx, Inc.  All rights reserved.
Reading design ukol4.ngc ...
WARNING:NetListWriters:298 - No output is written to ukol4.xncf, ignored.
Processing design ...
   Preping design's networks ...
   Preping design's macros ...
  finished :Prep
Writing EDIF netlist file ukol4.edif ...
ngc2edif: Total memory usage is 4309836 kilobytes

Release 14.7 - ngc2edif P.20131013 (nt64)
Copyright (c) 1995-2013 Xilinx, Inc.  All rights reserved.
Reading design ukol4.ngc ...
WARNING:NetListWriters:298 - No output is written to ukol4.xncf, ignored.
Processing design ...
   Preping design's networks ...
   Preping design's macros ...
  finished :Prep
Writing EDIF netlist file ukol4.edif ...
ngc2edif: Total memory usage is 4309836 kilobytes

Release 14.7 - ngc2edif P.20131013 (nt64)
Copyright (c) 1995-2013 Xilinx, Inc.  All rights reserved.
Reading design ukol5.ngc ...
WARNING:NetListWriters:298 - No output is written to ukol5.xncf, ignored.
Processing design ...
   Preping design's networks ...
   Preping design's macros ...
  finished :Prep
Writing EDIF netlist file ukol5.edif ...
ngc2edif: Total memory usage is 4309836 kilobytes

Release 14.7 - ngc2edif P.20131013 (nt64)
Copyright (c) 1995-2013 Xilinx, Inc.  All rights reserved.
Reading design ukol5.ngc ...
WARNING:NetListWriters:298 - No output is written to ukol5.xncf, ignored.
Processing design ...
   Preping design's networks ...
   Preping design's macros ...
  finished :Prep
Writing EDIF netlist file ukol5.edif ...
ngc2edif: Total memory usage is 4309836 kilobytes

Release 14.7 - ngc2edif P.20131013 (nt64)
Copyright (c) 1995-2013 Xilinx, Inc.  All rights reserved.
Reading design ukol5.ngc ...
WARNING:NetListWriters:298 - No output is written to ukol5.xncf, ignored.
Processing design ...
   Preping design's networks ...
   Preping design's macros ...
  finished :Prep
Writing EDIF netlist file ukol5.edif ...
ngc2edif: Total memory usage is 4309836 kilobytes

Release 14.7 - ngc2edif P.20131013 (nt64)
Copyright (c) 1995-2013 Xilinx, Inc.  All rights reserved.
Reading design ukol5.ngc ...
WARNING:NetListWriters:298 - No output is written to ukol5.xncf, ignored.
Processing design ...
   Preping design's networks ...
   Preping design's macros ...
  finished :Prep
Writing EDIF netlist file ukol5.edif ...
ngc2edif: Total memory usage is 4309836 kilobytes

Release 14.7 - ngc2edif P.20131013 (nt64)
Copyright (c) 1995-2013 Xilinx, Inc.  All rights reserved.
Reading design ukol6.ngc ...
WARNING:NetListWriters:298 - No output is written to ukol6.xncf, ignored.
Processing design ...
   Preping design's networks ...
   Preping design's macros ...
  finished :Prep
Writing EDIF netlist file ukol6.edif ...
ngc2edif: Total memory usage is 4309836 kilobytes

